01-Oct-2022 13:19:06 INFO - HV000001: Hibernate Validator 6.2.5.Final
01-Oct-2022 13:19:07 INFO - Bootstrapping Spring Data JPA repositories in DEFAULT mode.
01-Oct-2022 13:19:07 INFO - Finished Spring Data repository scanning in 128 ms. Found 2 JPA repository interfaces.
01-Oct-2022 13:19:07 INFO - Tomcat initialized with port(s): 8080 (http)
01-Oct-2022 13:19:07 INFO - Initializing ProtocolHandler ["http-nio-8080"]
01-Oct-2022 13:19:07 INFO - Starting service [Tomcat]
01-Oct-2022 13:19:07 INFO - Starting Servlet engine: [Apache Tomcat/9.0.65]
01-Oct-2022 13:19:07 INFO - Initializing Spring embedded WebApplicationContext
01-Oct-2022 13:19:07 INFO - Root WebApplicationContext: initialization completed in 1597 ms
01-Oct-2022 13:19:07 INFO - HHH000204: Processing PersistenceUnitInfo [name: default]
01-Oct-2022 13:19:07 INFO - HHH000412: Hibernate ORM core version 5.6.11.Final
01-Oct-2022 13:19:08 INFO - HCANN000001: Hibernate Commons Annotations {5.1.2.Final}
01-Oct-2022 13:19:08 INFO - HHH000400: Using dialect: org.hibernate.dialect.PostgreSQL10Dialect
01-Oct-2022 13:19:09 INFO - HHH000490: Using JtaPlatform implementation: [org.hibernate.engine.transaction.jta.platform.internal.NoJtaPlatform]
01-Oct-2022 13:19:09 INFO - Initialized JPA EntityManagerFactory for persistence unit 'default'
01-Oct-2022 13:19:09 WARN - spring.jpa.open-in-view is enabled by default. Therefore, database queries may be performed during view rendering. Explicitly configure spring.jpa.open-in-view to disable this warning
01-Oct-2022 13:19:09 INFO - Starting ProtocolHandler ["http-nio-8080"]
01-Oct-2022 13:19:09 INFO - Tomcat started on port(s): 8080 (http) with context path ''
01-Oct-2022 13:20:07 INFO - Application shutdown requested.
01-Oct-2022 13:20:07 INFO - Pausing ProtocolHandler ["http-nio-8080"]
01-Oct-2022 13:20:07 INFO - Stopping service [Tomcat]
01-Oct-2022 13:20:07 INFO - Stopping ProtocolHandler ["http-nio-8080"]
01-Oct-2022 13:20:07 INFO - Destroying ProtocolHandler ["http-nio-8080"]
01-Oct-2022 13:20:07 INFO - Closing JPA EntityManagerFactory for persistence unit 'default'
01-Oct-2022 13:20:10 INFO - HV000001: Hibernate Validator 6.2.5.Final
01-Oct-2022 13:20:11 INFO - Bootstrapping Spring Data JPA repositories in DEFAULT mode.
01-Oct-2022 13:20:11 INFO - Finished Spring Data repository scanning in 116 ms. Found 2 JPA repository interfaces.
01-Oct-2022 13:20:11 INFO - Tomcat initialized with port(s): 8080 (http)
01-Oct-2022 13:20:11 INFO - Initializing ProtocolHandler ["http-nio-8080"]
01-Oct-2022 13:20:11 INFO - Starting service [Tomcat]
01-Oct-2022 13:20:11 INFO - Starting Servlet engine: [Apache Tomcat/9.0.65]
01-Oct-2022 13:20:11 INFO - Initializing Spring embedded WebApplicationContext
01-Oct-2022 13:20:11 INFO - Root WebApplicationContext: initialization completed in 1473 ms
01-Oct-2022 13:20:11 INFO - HHH000204: Processing PersistenceUnitInfo [name: default]
01-Oct-2022 13:20:11 INFO - HHH000412: Hibernate ORM core version 5.6.11.Final
01-Oct-2022 13:20:12 INFO - HCANN000001: Hibernate Commons Annotations {5.1.2.Final}
01-Oct-2022 13:20:12 INFO - HHH000400: Using dialect: org.hibernate.dialect.PostgreSQL10Dialect
01-Oct-2022 13:20:12 INFO - HHH000490: Using JtaPlatform implementation: [org.hibernate.engine.transaction.jta.platform.internal.NoJtaPlatform]
01-Oct-2022 13:20:12 INFO - Initialized JPA EntityManagerFactory for persistence unit 'default'
01-Oct-2022 13:20:13 WARN - spring.jpa.open-in-view is enabled by default. Therefore, database queries may be performed during view rendering. Explicitly configure spring.jpa.open-in-view to disable this warning
01-Oct-2022 13:20:13 INFO - Starting ProtocolHandler ["http-nio-8080"]
01-Oct-2022 13:20:13 INFO - Tomcat started on port(s): 8080 (http) with context path ''
01-Oct-2022 13:27:14 INFO - Application shutdown requested.
01-Oct-2022 13:27:14 INFO - Pausing ProtocolHandler ["http-nio-8080"]
01-Oct-2022 13:27:14 INFO - Stopping service [Tomcat]
01-Oct-2022 13:27:14 INFO - Stopping ProtocolHandler ["http-nio-8080"]
01-Oct-2022 13:27:14 INFO - Destroying ProtocolHandler ["http-nio-8080"]
01-Oct-2022 13:27:14 INFO - Closing JPA EntityManagerFactory for persistence unit 'default'
01-Oct-2022 13:27:17 INFO - HV000001: Hibernate Validator 6.2.5.Final
01-Oct-2022 13:27:18 INFO - Bootstrapping Spring Data JPA repositories in DEFAULT mode.
01-Oct-2022 13:27:18 INFO - Finished Spring Data repository scanning in 116 ms. Found 2 JPA repository interfaces.
01-Oct-2022 13:27:18 INFO - Tomcat initialized with port(s): 8080 (http)
01-Oct-2022 13:27:18 INFO - Initializing ProtocolHandler ["http-nio-8080"]
01-Oct-2022 13:27:18 INFO - Starting service [Tomcat]
01-Oct-2022 13:27:18 INFO - Starting Servlet engine: [Apache Tomcat/9.0.65]
01-Oct-2022 13:27:18 INFO - Initializing Spring embedded WebApplicationContext
01-Oct-2022 13:27:18 INFO - Root WebApplicationContext: initialization completed in 1569 ms
01-Oct-2022 13:27:18 INFO - HHH000204: Processing PersistenceUnitInfo [name: default]
01-Oct-2022 13:27:18 INFO - HHH000412: Hibernate ORM core version 5.6.11.Final
01-Oct-2022 13:27:19 INFO - HCANN000001: Hibernate Commons Annotations {5.1.2.Final}
01-Oct-2022 13:27:19 INFO - HHH000400: Using dialect: org.hibernate.dialect.PostgreSQL10Dialect
01-Oct-2022 13:27:20 INFO - HHH000490: Using JtaPlatform implementation: [org.hibernate.engine.transaction.jta.platform.internal.NoJtaPlatform]
01-Oct-2022 13:27:20 INFO - Initialized JPA EntityManagerFactory for persistence unit 'default'
01-Oct-2022 13:27:20 WARN - spring.jpa.open-in-view is enabled by default. Therefore, database queries may be performed during view rendering. Explicitly configure spring.jpa.open-in-view to disable this warning
01-Oct-2022 13:27:20 INFO - Starting ProtocolHandler ["http-nio-8080"]
01-Oct-2022 13:27:20 INFO - Tomcat started on port(s): 8080 (http) with context path ''
01-Oct-2022 13:29:17 INFO - Initializing Spring DispatcherServlet 'dispatcherServlet'
01-Oct-2022 13:29:17 INFO - Initializing Servlet 'dispatcherServlet'
01-Oct-2022 13:29:17 INFO - Completed initialization in 1 ms
01-Oct-2022 13:33:30 INFO - Application shutdown requested.
01-Oct-2022 13:33:30 INFO - Pausing ProtocolHandler ["http-nio-8080"]
01-Oct-2022 13:33:30 INFO - Stopping service [Tomcat]
01-Oct-2022 13:33:30 INFO - Destroying Spring FrameworkServlet 'dispatcherServlet'
01-Oct-2022 13:33:30 INFO - Stopping ProtocolHandler ["http-nio-8080"]
01-Oct-2022 13:33:30 INFO - Destroying ProtocolHandler ["http-nio-8080"]
01-Oct-2022 13:33:30 INFO - Closing JPA EntityManagerFactory for persistence unit 'default'
01-Oct-2022 13:33:32 INFO - HV000001: Hibernate Validator 6.2.5.Final
01-Oct-2022 13:33:33 INFO - Bootstrapping Spring Data JPA repositories in DEFAULT mode.
01-Oct-2022 13:33:33 INFO - Finished Spring Data repository scanning in 122 ms. Found 2 JPA repository interfaces.
01-Oct-2022 13:33:33 INFO - Tomcat initialized with port(s): 8080 (http)
01-Oct-2022 13:33:33 INFO - Initializing ProtocolHandler ["http-nio-8080"]
01-Oct-2022 13:33:33 INFO - Starting service [Tomcat]
01-Oct-2022 13:33:33 INFO - Starting Servlet engine: [Apache Tomcat/9.0.65]
01-Oct-2022 13:33:33 INFO - Initializing Spring embedded WebApplicationContext
01-Oct-2022 13:33:33 INFO - Root WebApplicationContext: initialization completed in 1489 ms
01-Oct-2022 13:33:34 INFO - HHH000204: Processing PersistenceUnitInfo [name: default]
01-Oct-2022 13:33:34 INFO - HHH000412: Hibernate ORM core version 5.6.11.Final
01-Oct-2022 13:33:34 INFO - HCANN000001: Hibernate Commons Annotations {5.1.2.Final}
01-Oct-2022 13:33:34 INFO - HHH000400: Using dialect: org.hibernate.dialect.PostgreSQL10Dialect
01-Oct-2022 13:33:35 WARN - SQL Warning Code: 0, SQLState: 00000
01-Oct-2022 13:33:35 WARN - drop cascades to constraint fk831tfgnj4upj4kbb0lbi74woe on table transaction
01-Oct-2022 13:33:35 INFO - HHH000490: Using JtaPlatform implementation: [org.hibernate.engine.transaction.jta.platform.internal.NoJtaPlatform]
01-Oct-2022 13:33:35 INFO - Initialized JPA EntityManagerFactory for persistence unit 'default'
01-Oct-2022 13:33:35 WARN - spring.jpa.open-in-view is enabled by default. Therefore, database queries may be performed during view rendering. Explicitly configure spring.jpa.open-in-view to disable this warning
01-Oct-2022 13:33:35 INFO - Starting ProtocolHandler ["http-nio-8080"]
01-Oct-2022 13:33:35 INFO - Tomcat started on port(s): 8080 (http) with context path ''
01-Oct-2022 13:34:08 INFO - Initializing Spring DispatcherServlet 'dispatcherServlet'
01-Oct-2022 13:34:08 INFO - Initializing Servlet 'dispatcherServlet'
01-Oct-2022 13:34:08 INFO - Completed initialization in 1 ms
